2021-04-10 19:48:36,797: INFO: execute_sql:50: execution sucessfull: PRAGMA foreign_keys = ON
2021-04-10 19:48:36,800: INFO: open_connection:22: connection establisted to data.db
2021-04-10 19:48:36,807: INFO: execute_sql:50: execution sucessfull: CREATE TABLE IF NOT EXISTS entries(content TEXT, date TEXT);
2021-04-10 19:48:36,810: INFO: execute_sql:50: execution sucessfull: CREATE TABLE IF NOT EXISTS users(
        id INTEGER PRIMARY KEY,
        first_name TEXT, 
        surname TEXT, 
        age INTEGER
        );
2021-04-10 19:48:36,823: INFO: execute_sql:50: execution sucessfull: CREATE INDEX IF NOT EXISTS idx_age  ON users(age);
2021-04-10 19:48:36,857: INFO: execute_sql:50: execution sucessfull: INSERT INTO users (first_name, surname,age) VALUES ('Rolf','Smith',35);
2021-04-10 19:48:36,884: INFO: execute_sql:50: execution sucessfull: INSERT INTO users  VALUES (NULL,'John','Snow','19');
2021-04-10 19:48:36,912: INFO: execute_sql:50: execution sucessfull: INSERT INTO users VALUES (NULL,?,?,?);
2021-04-10 19:48:36,921: INFO: execute_sql:50: execution sucessfull: SELECT * FROM users WHERE first_name !='John' AND age > 19;
2021-04-10 19:48:36,988: INFO: execute_sql:50: execution sucessfull: SELECT * FROM users WHERE first_name = ?;
2021-04-10 19:48:37,049: INFO: execute_sql:50: execution sucessfull: CREATE INDEX IF NOT EXISTS idx_age  ON users(age);
2021-04-10 19:48:37,054: ERROR: execute_script_sql:36: execution failure: 
                CREATE TABLE suppliers (
                supplier_id   INTEGER PRIMARY KEY,
                supplier_name TEXT    NOT NULL,
                group_id    INTEGER,
                FOREIGN KEY (group_id)
                REFERENCES supplier_groups (group_id) 
                    ON UPDATE SET NULL
                    ON DELETE SET NULL
            );

            CREATE TABLE supplier_groups (
                group_id integer PRIMARY KEY,
                group_name text NOT NULL
            );

            INSERT INTO supplier_groups (group_name)
            VALUES
            ('Domestic'),
            ('Global'),
            ('One-Time');

            INSERT INTO suppliers (supplier_name, group_id) VALUES ('HP', 2);
            INSERT INTO suppliers (supplier_name, group_id) VALUES('XYZ Corp', 2);
            INSERT INTO suppliers (supplier_name, group_id) VALUES('ABC Corp', 3);

            
2021-04-10 19:48:37,097: INFO: close_connection:60: close connection successfull to data.db
2021-04-10 19:48:37,197: INFO: execute_sql:50: execution sucessfull: PRAGMA foreign_keys = ON
2021-04-10 19:48:37,216: INFO: open_connection:22: connection establisted to data.db
2021-04-10 19:48:37,233: INFO: execute_sql:50: execution sucessfull: 
            SELECT supplier_name,supplier_groups.group_name 
            FROM suppliers
            INNER JOIN supplier_groups
            ON suppliers.group_id = supplier_groups.group_id;
            
2021-04-10 19:48:37,391: INFO: close_connection:60: close connection successfull to data.db
2021-04-10 19:48:37,419: INFO: execute_sql:50: execution sucessfull: PRAGMA foreign_keys = ON
2021-04-10 19:48:37,426: INFO: open_connection:22: connection establisted to data.db
2021-04-10 19:48:37,456: INFO: execute_sql:50: execution sucessfull: DELETE FROM supplier_groups WHERE group_id = 3;
2021-04-10 19:48:37,470: INFO: close_connection:60: close connection successfull to data.db
2021-04-10 19:48:37,481: INFO: execute_sql:50: execution sucessfull: PRAGMA foreign_keys = ON
2021-04-10 19:48:37,520: INFO: open_connection:22: connection establisted to data.db
2021-04-10 19:48:37,550: ERROR: execute_sql:52: execution failure: 
            CREATE VIEW suplquery
            AS 
            SELECT supplier_name,supplier_groups.group_name 
            FROM suppliers
            INNER JOIN supplier_groups
            ON suppliers.group_id = supplier_groups.group_id;
            
2021-04-10 19:48:37,569: INFO: execute_sql:50: execution sucessfull: SELECT * FROM suplquery;
2021-04-10 19:48:37,593: INFO: close_connection:60: close connection successfull to data.db
